Executing action: monitor
Running idf_monitor in directory /home/ssafy/S09P31A305/device/lighting-app-clusters
Executing "/home/ssafy/connectedhomeip/.environment/pigweed-venv/bin/python /home/ssafy/esp/esp-idf/tools/idf_monitor.py -p /dev/ttyUSB0 -b 115200 --toolchain-prefix xtensa-esp32-elf- --target esp32 --revision 0 /home/ssafy/S09P31A305/device/lighting-app-clusters/build/chip-lighting-app.elf -m '/home/ssafy/connectedhomeip/.environment/pigweed-venv/bin/python' '/home/ssafy/esp/esp-idf/tools/idf.py' '-p' '/dev/ttyUSB0'"...
ets Jul 29 2019 12:21:46

rst:0x1 (POWERON_RESET),boot:0x13 (SPI_FAST_FLASH_BOOT)
configsip: 0, SPIWP:0xee
clk_drv:0x00,q_drv:0x00,d_drv:0x00,cs0_drv:0x00,hd_drv:0x00,wp_drv:0x00
mode:DIO, clock div:2
load:0x3fff0030,len:7076
load:0x40078000,len:15576
load:0x40080400,len:4
load:0x40080404,len:3876
entry 0x4008064c
[0;32mI (29) boot: ESP-IDF v5.1 2nd stage bootloader[0m
[0;32mI (29) boot: compile time Oct 25 2023 15:22:28[0m
[0;32mI (29) boot: Multicore bootloader[0m
[0;32mI (33) boot: chip revision: v3.0[0m
[0;32mI (37) boot.esp32: SPI Speed      : 40MHz[0m
[0;32mI (42) boot.esp32: SPI Mode       : DIO[0m
[0;32mI (46) boot.esp32: SPI Flash Size : 4MB[0m
[0;32mI (51) boot: Enabling RNG early entropy source...[0m
[0;32mI (56) boot: Partition Table:[0m
[0;32mI (60) boot: ## Label            Usage          Type ST Offset   Length[0m
[0;32mI (67) boot:  0 esp_secure_cert  unknown          3f 06 0000d000 00002000[0m
[0;32mI (75) boot:  1 nvs              WiFi data        01 02 00010000 0000c000[0m
[0;32mI (82) boot:  2 nvs_keys         NVS keys         01 04 0001c000 00001000[0m
[0;32mI (90) boot:  3 otadata          OTA data         01 00 0001d000 00002000[0m
[0;32mI (97) boot:  4 phy_init         RF data          01 01 0001f000 00001000[0m
[0;32mI (105) boot:  5 ota_0            OTA app          00 10 00020000 001e0000[0m
[0;32mI (112) boot:  6 ota_1            OTA app          00 11 00200000 001e0000[0m
[0;32mI (120) boot:  7 fctry            WiFi data        01 02 003e0000 00006000[0m
[0;32mI (127) boot: End of partition table[0m
[0;32mI (132) esp_image: segment 0: paddr=00020020 vaddr=3f400020 size=38310h (230160) map[0m
[0;32mI (223) esp_image: segment 1: paddr=00058338 vaddr=3ffbdb60 size=05534h ( 21812) load[0m
[0;32mI (232) esp_image: segment 2: paddr=0005d874 vaddr=40080000 size=027a4h ( 10148) load[0m
[0;32mI (236) esp_image: segment 3: paddr=00060020 vaddr=400d0020 size=f535ch (1004380) map[0m
[0;32mI (602) esp_image: segment 4: paddr=00155384 vaddr=400827a4 size=1c450h (115792) load[0m
[0;32mI (666) boot: Loaded app from partition at offset 0x20000[0m
[0;32mI (666) boot: Disabling RNG early entropy source...[0m
[0;32mI (678) cpu_start: Multicore app[0m
[0;32mI (678) cpu_start: Pro cpu up.[0m
[0;32mI (678) cpu_start: Starting app cpu, entry point is 0x40081498[0m
[0;32mI (0) cpu_start: App cpu up.[0m
[0;32mI (698) cpu_start: Pro cpu start user code[0m
[0;32mI (698) cpu_start: cpu freq: 160000000 Hz[0m
[0;32mI (698) cpu_start: Application information:[0m
[0;32mI (703) cpu_start: Project name:     chip-lighting-app[0m
[0;32mI (709) cpu_start: App version:      v1.0[0m
[0;32mI (713) cpu_start: Compile time:     Oct 25 2023 15:22:16[0m
[0;32mI (720) cpu_start: ELF file SHA256:  1402c9e6153236d4...[0m
[0;32mI (725) cpu_start: ESP-IDF:          v5.1[0m
[0;32mI (730) cpu_start: Min chip rev:     v0.0[0m
[0;32mI (735) cpu_start: Max chip rev:     v3.99 [0m
[0;32mI (740) cpu_start: Chip rev:         v3.0[0m
[0;32mI (745) heap_init: Initializing. RAM available for dynamic allocation:[0m
[0;32mI (752) heap_init: At 3FFAFF10 len 000000F0 (0 KiB): DRAM[0m
[0;32mI (758) heap_init: At 3FFB6388 len 00001C78 (7 KiB): DRAM[0m
[0;32mI (764) heap_init: At 3FFB9A20 len 00004108 (16 KiB): DRAM[0m
[0;32mI (770) heap_init: At 3FFD6DC0 len 00009240 (36 KiB): DRAM[0m
[0;32mI (776) heap_init: At 3FFE0440 len 00003AE0 (14 KiB): D/IRAM[0m
[0;32mI (782) heap_init: At 3FFE4350 len 0001BCB0 (111 KiB): D/IRAM[0m
[0;32mI (789) heap_init: At 4009EBF4 len 0000140C (5 KiB): IRAM[0m
[0;32mI (796) spi_flash: detected chip: generic[0m
[0;32mI (800) spi_flash: flash io: dio[0m
[0;32mI (806) coexist: coex firmware version: ebddf30[0m
[0;32mI (810) app_start: Starting scheduler on CPU0[0m
[0;32[0;32mI (814) app_start: Starting scheduler on CPU1[0m
mI (814) main_task: Started on CPU0[0m
[0;32mI (824) main_task: Calling app_main()[0m
[0;31mE (824) light-app: @@@@@ START app_main in Main[0m
ets Jul 29 2019 12:21:46

rst:0x1 (POWERON_RESET),boot:0x13 (SPI_FAST_FLASH_BOOT)
configsip: 0, SPIWP:0xee
clk_drv:0x00,q_drv:0x00,d_drv:0x00,cs0_drv:0x00,hd_drv:0x00,wp_drv:0x00
mode:DIO, clock div:2
load:0x3fff0030,len:7076
load:0x40078000,len:15576
load:0x40080400,len:4
load:0x40080404,len:3876
entry 0x4008064c
[0;32mI (29) boot: ESP-IDF v5.1 2nd stage bootloader[0m
[0;32mI (29) boot: compile time Oct 25 2023 15:22:28[0m
[0;32mI (29) boot: Multicore bootloader[0m
[0;32mI (33) boot: chip revision: v3.0[0m
[0;32mI (37) boot.esp32: SPI Speed      : 40MHz[0m
[0;32mI (42) boot.esp32: SPI Mode       : DIO[0m
[0;32mI (46) boot.esp32: SPI Flash Size : 4MB[0m
[0;32mI (51) boot: Enabling RNG early entropy source...[0m
[0;32mI (56) boot: Partition Table:[0m
[0;32mI (60) boot: ## Label            Usage          Type ST Offset   Length[0m
[0;32mI (67) boot:  0 esp_secure_cert  unknown          3f 06 0000d000 00002000[0m
[0;32mI (75) boot:  1 nvs              WiFi data        01 02 00010000 0000c000[0m
[0;32mI (82) boot:  2 nvs_keys         NVS keys         01 04 0001c000 00001000[0m
[0;32mI (90) boot:  3 otadata          OTA data         01 00 0001d000 00002000[0m
[0;32mI (97) boot:  4 phy_init         RF data          01 01 0001f000 00001000[0m
[0;32mI (105) boot:  5 ota_0            OTA app          00 10 00020000 001e0000[0m
[0;32mI (112) boot:  6 ota_1            OTA app          00 11 00200000 001e0000[0m
[0;32mI (120) boot:  7 fctry            WiFi data        01 02 003e0000 00006000[0m
[0;32mI (127) boot: End of partition table[0m
[0;32mI (132) esp_image: segment 0: paddr=00020020 vaddr=3f400020 size=38310h (230160) map[0m
[0;32mI (223) esp_image: segment 1: paddr=00058338 vaddr=3ffbdb60 size=05534h ( 21812) load[0m
[0;32mI (232) esp_image: segment 2: paddr=0005d874 vaddr=40080000 size=027a4h ( 10148) load[0m
[0;32mI (236) esp_image: segment 3: paddr=00060020 vaddr=400d0020 size=f535ch (1004380) map[0m
[0;32mI (602) esp_image: segment 4: paddr=00155384 vaddr=400827a4 size=1c450h (115792) load[0m
[0;32mI (666) boot: Loaded app from partition at offset 0x20000[0m
[0;32mI (666) boot: Disabling RNG early entropy source...[0m
[0;32mI (678) cpu_start: Multicore app[0m
[0;32mI (678) cpu_start: Pro cpu up.[0m
[0;32mI (678) cpu_start: Starting app cpu, entry point is 0x40081498[0m
[0;32mI (0) cpu_start: App cpu up.[0m
[0;32mI (698) cpu_start: Pro cpu start user code[0m
[0;32mI (698) cpu_start: cpu freq: 160000000 Hz[0m
[0;32mI (698) cpu_start: Application information:[0m
[0;32mI (703) cpu_start: Project name:     chip-lighting-app[0m
[0;32mI (709) cpu_start: App version:      v1.0[0m
[0;32mI (713) cpu_start: Compile time:     Oct 25 2023 15:22:16[0m
[0;32mI (720) cpu_start: ELF file SHA256:  1402c9e6153236d4...[0m
[0;32mI (725) cpu_start: ESP-IDF:          v5.1[0m
[0;32mI (730) cpu_start: Min chip rev:     v0.0[0m
[0;32mI (735) cpu_start: Max chip rev:     v3.99 [0m
[0;32mI (740) cpu_start: Chip rev:         v3.0[0m
[0;32mI (745) heap_init: Initializing. RAM available for dynamic allocation:[0m
[0;32mI (752) heap_init: At 3FFAFF10 len 000000F0 (0 KiB): DRAM[0m
[0;32mI (758) heap_init: At 3FFB6388 len 00001C78 (7 KiB): DRAM[0m
[0;32mI (764) heap_init: At 3FFB9A20 len 00004108 (16 KiB): DRAM[0m
[0;32mI (770) heap_init: At 3FFD6DC0 len 00009240 (36 KiB): DRAM[0m
[0;32mI (776) heap_init: At 3FFE0440 len 00003AE0 (14 KiB): D/IRAM[0m
[0;32mI (782) heap_init: At 3FFE4350 len 0001BCB0 (111 KiB): D/IRAM[0m
[0;32mI (789) heap_init: At 4009EBF4 len 0000140C (5 KiB): IRAM[0m
[0;32mI (796) spi_flash: detected chip: generic[0m
[0;32mI (800) spi_flash: flash io: dio[0m
[0;32mI (806) coexist: coex firmware version: ebddf30[0m
[0;32mI (810) app_start: Starting scheduler on CPU0[0m
[0;32[0;32mI (814) app_start: Starting scheduler on CPU1[0m
mI (814) main_task: Started on CPU0[0m
[0;32mI (824) main_task: Calling app_main()[0m
[0;31mE (824) light-app: @@@@@ START app_main in Main[0m
[0;32mI (924) light-app: ==================================================[0m
[0;32mI (924) light-app: chip-esp32-light-example starting[0m
[0;32mI (924) light-app: ==================================================[0m
[5n[0;32m> [0mI (1464) wifi:wifi driver task: 3ffddc00, prio:23, stack:6656, core=0
I (1494) wifi:wifi firmware version: b2f1f86
I (1494) wifi:wifi certification version: v7.0
I (1494) wifi:config NVS flash: enabled
I (1494) wifi:config nano formating: disabled
I (1504) wifi:Init data frame dynamic rx buffer num: 32
I (1504) wifi:Init management frame dynamic rx buffer num: 32
I (1514) wifi:Init management short buffer num: 32
I (1524) wifi:Init dynamic tx buffer num: 32
I (1524) wifi:Init static rx buffer size: 1600
I (1524) wifi:Init static rx buffer num: 10
I (1534) wifi:Init dynamic rx buffer num: 32
[0;32mI (1534) wifi_init: rx ba win: 6[0m
[0;32mI (1534) wifi_init: tcpip mbox: 32[0m
[0;32mI (1534) wifi_init: udp mbox: 6[0m
[0;32mI (1554) wifi_init: tcp mbox: 6[0m
[0;32mI (1554) wifi_init: tcp tx win: 5744[0m
[0;32mI (1554) wifi_init: tcp rx win: 5744[0m
[0;32mI (1564) wifi_init: tcp mss: 1440[0m
[0;32mI (1564) wifi_init: WiFi IRAM OP enabled[0m
[0;32mI (1564) wifi_init: WiFi RX IRAM OP enabled[0m
[0;32mI (1604) chip[DL]: NVS set: chip-counters/reboot-count = 18 (0x12)[0m
[0;32mI (1614) chip[DL]: Real time clock set to 946684800 (0100/00/01 00:00:00 UTC)[0m
[0;32mI (1614) BTDM_INIT: BT controller compile version [ad2b7cd][0m
[0;31mE (1614) app-task: @@@@@ START AppTask::StartAppTask[0m
[0;32mI (1624) phy_init: phy_version 4670,719f9f6,Feb 18 2021,17:07:07[0m
[0;31mE (1624) app-task: @@@@@ END AppTask::StartAppTask[0m
[0;31mE (1644) light-app: @@@@@ END app_main in Main[0m
[0;31mE (1624) app-task: @@@@@ START AppTaskMain[0m
[0;31mE (1644) LEDWidget: @@@@@ START LEDWidget::Init[0m
[0;31mE (1654) LEDWidget: @@@@@ END LEDWidget::Init[0m
[0;32mI (1664) app-task: App Task started[0m
[0;32mI (1644) main_task: Returned from app_main()[0m
[0;32mI (2014) NimBLE: Failed to restore IRKs from store; status=8
[0m
[0;32mI (2014) CHIP[DL]: BLE host-controller synced[0m
[0;32mI (2514) chip[DL]: Configuring CHIPoBLE advertising (interval 25 ms, connectable)[0m
[0;32mI (2514) NimBLE: GAP procedure initiated: advertise; [0m
[0;32mI (2514) NimBLE: disc_mode=2[0m
[0;32mI (2524) NimBLE:  adv_channel_map=0 own_addr_type=1 adv_filter_policy=0 adv_itvl_min=40 adv_itvl_max=40[0m
[0;32mI (2544) NimBLE: 
[0m
[0;32mI (2544) chip[DL]: CHIPoBLE advertising started[0m
[0;31mE (2544) chip[DL]: Long dispatch time: 932 ms, for event type 2[0m
[0;32mI (2554) chip[DL]: Starting ESP WiFi layer[0m
I (2564) wifi:mode : sta (b0:a7:32:db:79:9c)
I (2564) wifi:enable tsf
W (2564) wifi:Haven't to connect to a suitable AP now!
[0;32mI (2574) chip[DL]: Attempting to connect WiFi station interface[0m
[0;32mI (2574) chip[DL]: WiFi station state change: NotConnected -> Connecting[0m
[0;32mI (2584) chip[DL]: Done driving station state, nothing else to do...[0m
[0;31mE (2584) light-app: @@@@@ START InitServer in Main[0m
[0;32mI (2604) chip[SVR]: SetupQRCode: [MT:Y.K9042C00KA0648G00][0m
[0;32mI (2604) chip[SVR]: Copy/paste the below URL in a browser to see the QR Code:[0m
[0;32mI (2614) chip[SVR]: https://project-chip.github.io/connectedhomeip/qrcode.html?data=MT%3AY.K9042C00KA0648G00[0m
[0;32mI (2614) chip[SVR]: Manual pairing code: [34970112332][0m
[0;32mI (2634) chip[SVR]: Initializing subscription resumption storage...[0m
I (2584) wifi:new:<11,0>, old:<1,0>, ap:<255,255>, sta:<11,0>, prof:1
I (2644) wifi:state: init -> auth (b0)
[0;32mI (2634) chip[SVR]: Server initializing...[0m
[0;32mI (2654) chip[TS]: Last Known Good Time: 2023-10-25T06:22:23[0m
[0;32mI (2664) chip[FP]: Fabric index 0x1 was retrieved from storage. Compressed FabricId 0x0F05F6A575674356, FabricId 0x222C771CFB091F4D, NodeId 0x1828E412F92E59AC, VendorId 0x110A[0m
I (2674) wifi:state: auth -> assoc (0)
I (2694) wifi:state: assoc -> run (10)
[0;32mI (2704) chip[FP]: Fabric index 0x2 was retrieved from storage. Compressed FabricId 0x34158891577C181A, FabricId 0xBE7647C6CD37BE5B, NodeId 0xD9021AEA53A2164B, VendorId 0x6006[0m
[0;32mI (2724) chip[DMG]: AccessControl: initializing[0m
[0;32mI (2724) chip[DMG]: Examples::AccessControlDelegate::Init[0m
[0;32mI (2724) chip[DMG]: AccessControl: setting[0m
[0;32mI (2734) chip[DMG]: DefaultAclStorage: initializing[0m
I (2724) wifi:connected with BM, aid = 5, channel 11, BW20, bssid = 16:75:5b:81:e8:b3
I (2754) wifi:security: WPA2-PSK, phy: bgn, rssi: -45
[0;32mI (2744) chip[DMG]: DefaultAclStorage: 2 entries loaded[0m
I (2764) wifi:pm start, type: 1

I (2764) wifi:AP's beacon interval = 102400 us, DTIM period = 3
[0;32mI (2794) chip[ZCL]: Using ZAP configuration...[0m
[0;32mI (2814) chip[DMG]: AccessControlCluster: initializing[0m
[0;32mI (2814) chip[ZCL]: Initiating Admin Commissioning cluster.[0m
[0;31mE (2814) light-app-callbacks: @@@@@ START AppDeviceCallbacks::PostAttributeChangeCallback[0m
[0;32mI (2834) light-app-callbacks: PostAttributeChangeCallback - Cluster ID: '0x30', EndPoint ID: '0x0', Attribute ID: '0x0'[0m
[0;31mE (2844) light-app-callbacks: @@@@@ Unhandled cluster[0m
[0;32mI (2844) light-app-callbacks: Unhandled cluster ID: 48[0m
[0;31mE (2854) light-app-callbacks: @@@@@ END AppDeviceCallbacks::PostAttributeChangeCallback[0m
[0;32mI (2854) light-app-callbacks: Current free heap: 70060
[0m
[0;31mE (2874) light-app-callbacks: @@@@@ START AppDeviceCallbacks::PostAttributeChangeCallback[0m
[0;32mI (2874) light-app-callbacks: PostAttributeChangeCallback - Cluster ID: '0x5', EndPoint ID: '0x1', Attribute ID: '0x4'[0m
[0;31mE (2884) light-app-callbacks: @@@@@ Unhandled cluster[0m
[0;32mI (2894) light-app-callbacks: Unhandled cluster ID: 5[0m
[0;31mE (2904) light-app-callbacks: @@@@@ END AppDeviceCallbacks::PostAttributeChangeCallback[0m
[0;32mI (2914) light-app-callbacks: Current free heap: 71888
[0m
[0;31mE (2914) light-app-callbacks: @@@@@ START AppDeviceCallbacks::PostAttributeChangeCallback[0m
[0;32mI (2924) light-app-callbacks: PostAttributeChangeCallback - Cluster ID: '0x5', EndPoint ID: '0x1', Attribute ID: '0xfffc'[0m
[0;31mE (2944) light-app-callbacks: @@@@@ Unhandled cluster[0m
[0;32mI (2944) light-app-callbacks: Unhandled cluster ID: 5[0m
[0;31mE (2944) light-app-callbacks: @@@@@ END AppDeviceCallbacks::PostAttributeChangeCallback[0m
[0;32mI (2954) light-app-callbacks: Current free heap: 71888
[0m
[0;31mE (2964) light-app-callbacks: @@@@@ START AppDeviceCallbacks::PostAttributeChangeCallback[0m
[0;32mI (2974) light-app-callbacks: PostAttributeChangeCallback - Cluster ID: '0x5', EndPoint ID: '0x1', Attribute ID: '0x5'[0m
[0;31mE (2984) light-app-callbacks: @@@@@ Unhandled cluster[0m
[0;32mI (2984) light-app-callbacks: Unhandled cluster ID: 5[0m
[0;31mE (2994) light-app-callbacks: @@@@@ END AppDeviceCallbacks::PostAttributeChangeCallback[0m
[0;32mI (3004) light-app-callbacks: Current free heap: 71764
[0m
[0;31mE (3014) light-app-callbacks: @@@@@ START AppDeviceCallbacks::PostAttributeChangeCallback[0m
[0;32mI (3024) light-app-callbacks: PostAttributeChangeCallback - Cluster ID: '0x4', EndPoint ID: '0x1', Attribute ID: '0x0'[0m
[0;31mE (3024) light-app-callbacks: @@@@@ Unhandled cluster[0m
[0;32mI (3034) light-app-callbacks: Unhandled cluster ID: 4[0m
[0;31mE (3034) light-app-callbacks: @@@@@ END AppDeviceCallbacks::PostAttributeChangeCallback[0m
[0;32mI (3054) light-app-callbacks: Current free heap: 71888
[0m
[0;31mE (3054) light-app-callbacks: @@@@@ START AppDeviceCallbacks::PostAttributeChangeCallback[0m
[0;32mI (3064) light-app-callbacks: PostAttributeChangeCallback - Cluster ID: '0x4', EndPoint ID: '0x1', Attribute ID: '0xfffc'[0m
[0;31mE (3074) light-app-callbacks: @@@@@ Unhandled cluster[0m
[0;32mI (3074) light-app-callbacks: Unhandled cluster ID: 4[0m
[0;31mE (3084) light-app-callbacks: @@@@@ END AppDeviceCallbacks::PostAttributeChangeCallback[0m
[0;32mI (3094) light-app-callbacks: Current free heap: 71888
[0m
[0;31mE (3104) light-app-callbacks: @@@@@ START emberAfOnOffClusterInitCallback[0m
[0;32mI (3114) light-app-callbacks: emberAfOnOffClusterInitCallback[0m
[0;31mE (3114) app-task: @@@@@ START Update ClusterState[0m
[0;32mI (3114) app-task: Writing to OnOff cluster[0m
[0;31mE (3124) LEDWidget: @@@@@ START LEDWidget::IsTurnedOn[0m
[0;31mE (3134) light-app-callbacks: @@@@@ START AppDeviceCallbacks::PostAttributeChangeCallback[0m
[0;32mI (3144) light-app-callbacks: PostAttributeChangeCallback - Cluster ID: '0x6', EndPoint ID: '0x1', Attribute ID: '0x0'[0m
[0;31mE (3154) light-app-callbacks: @@@@@ case clusterId == OnOff::Id[0m
[0;31mE (3154) light-app-callbacks: @@@@@ START AppDeviceCallbacks::OnOnOffPostAttributeChangeCallback[0m
[0;31mE (3174) LEDWidget: @@@@@ START LEDWidget::Set[0m
[0;32mI (3174) LEDWidget: Setting state to 0[0m
[0;31mE (3184) light-app-callbacks: @@@@@ END AppDeviceCallbacks::OnOnOffPostAttributeChangeCallback[0m
[0;31mE (3184) light-app-callbacks: @@@@@ EXIT AppDeviceCallbacks::OnOnOffPostAttributeChangeCallback[0m
[0;31mE (3194) light-app-callbacks: @@@@@ END AppDeviceCallbacks::PostAttributeChangeCallback[0m
[0;32mI (3204) light-app-callbacks: Current free heap: 71888
[0m
[0;32mI (3214) app-task: Writing to Current Level cluster[0m
[0;31mE (3224) LEDWidget: @@@@@ START LEDWidget::GetLevel[0m
[0;31mE (3224) LEDWidget: @@@@@ END LEDWidget::GetLevel[0m
[0;31mE (3224) app-task: Updating level cluster failed: 87[0m
[0;31mE (3234) app-task: @@@@@ END UpdateClusterState[0m
[0;31mE (3234) light-app-callbacks: @@@@@ END emberAfOnOffClusterInitCallback[0m
[0;32mI (3244) chip[ZCL]: Endpoint 1 On/off already set to new value[0m
[0;31mE (3254) light-app-callbacks: @@@@@ START AppDeviceCallbacks::PostAttributeChangeCallback[0m
[0;32mI (3264) light-app-callbacks: PostAttributeChangeCallback - Cluster ID: '0x8', EndPoint ID: '0x1', Attribute ID: '0x0'[0m
[0;31mE (3264) light-app-callbacks: @@@@@ case clusterId == LevelControll::Id[0m
[0;31mE (3284) light-app-callbacks: @@@@@ START AppDeviceCallbacks::OnLevelControlAttributeChangeCallback[0m
[0;31mE (3294) LEDWidget: @@@@@ START LEDWidget::SetBrightness[0m
[0;32mI (3294) LEDWidget: Setting brightness to 1[0m
[0;31mE (3304) LEDWidget: @@@@@ START LEDWidget::DoSet[0m
[0;31mE (3304) LEDWidget: @@@@@ LEDWidget::Doset CONFIG_LED_TYPE_RMT[0m
[0;31mE (3304) LEDWidget: @@@@@ LEDWidget::Doset ledc_set_duty call[0m
[0;31mE (3324) LEDWidget: @@@@@ LEDWidget::Doset ledc_update_duty call[0m
[0;31mE (3324) LEDWidget: @@@@@ END LEDWidget::DoSet[0m
[0;31mE (3334) LEDWidget: @@@@@ END LEDWidget::SetBrightness[0m
[0;31mE (3334) light-app-callbacks: @@@@@ START AppDeviceCallbacks::OnLevelControlAttributeChangeCallback[0m
[0;31mE (3344) light-app-callbacks: @@@@@ EXIT AppDeviceCallbacks::OnLevelControlAttributeChangeCallback[0m
[0;31mE (3354) light-app-callbacks: @@@@@ END AppDeviceCallbacks::PostAttributeChangeCallback[0m
[0;32mI (3354) light-app-callbacks: Current free heap: 71888
[0m
[0;31mE (3374) light-app-callbacks: @@@@@ START AppDeviceCallbacks::PostAttributeChangeCallback[0m
[0;32mI (3374) light-app-callbacks: PostAttributeChangeCallback - Cluster ID: '0x300', EndPoint ID: '0x1', Attribute ID: '0x7'[0m
[0;31mE (3394) light-app-callbacks: @@@@@ Unhandled cluster[0m
[0;32mI (3404) light-app-callbacks: Unhandled cluster ID: 768[0m
[0;31mE (3404) light-app-callbacks: @@@@@ END AppDeviceCallbacks::PostAttributeChangeCallback[0m
[0;32mI (3414) light-app-callbacks: Current free heap: 71764
[0m
[0;31mE (3414) light-app-callbacks: @@@@@ START AppDeviceCallbacks::PostAttributeChangeCallback[0m
[0;32mI (3434) light-app-callbacks: PostAttributeChangeCallback - Cluster ID: '0x300', EndPoint ID: '0x1', Attribute ID: '0x8'[0m
[0;31mE (3434) light-app-callbacks: @@@@@ Unhandled cluster[0m
[0;32mI (3444) light-app-callbacks: Unhandled cluster ID: 768[0m
[0;31mE (3444) light-app-callbacks: @@@@@ END AppDeviceCallbacks::PostAttributeChangeCallback[0m
[0;32mI (3454) light-app-callbacks: Current free heap: 71708
[0m
[0;31mE (3474) light-app-callbacks: @@@@@ START AppDeviceCallbacks::PostAttributeChangeCallback[0m
[0;32mI (3474) light-app-callbacks: PostAttributeChangeCallback - Cluster ID: '0x300', EndPoint ID: '0x1', Attribute ID: '0x4001'[0m
[0;31mE (3484) light-app-callbacks: @@@@@ Unhandled cluster[0m
[0;32mI (3484) light-app-callbacks: Unhandled cluster ID: 768[0m
[0;31mE (3504) light-app-callbacks: @@@@@ END AppDeviceCallbacks::PostAttributeChangeCallback[0m
[0;32mI (3514) light-app-callbacks: Current free heap: 71764
[0m
[0;31mE (3514) light-app-callbacks: @@@@@ START AppDeviceCallbacks::PostAttributeChangeCallback[0m
[0;32mI (3524) light-app-callbacks: PostAttributeChangeCallback - Cluster ID: '0x406', EndPoint ID: '0x1', Attribute ID: '0x1'[0m
[0;31mE (3534) light-app-callbacks: @@@@@ Unhandled cluster[0m
[0;32mI (3544) light-app-callbacks: Unhandled cluster ID: 1030[0m
[0;31mE (3544) light-app-callbacks: @@@@@ END AppDeviceCallbacks::PostAttributeChangeCallback[0m
[0;32mI (3554) light-app-callbacks: Current free heap: 71888
[0m
[0;31mE (3564) light-app-callbacks: @@@@@ START AppDeviceCallbacks::PostAttributeChangeCallback[0m
[0;32mI (3564) light-app-callbacks: PostAttributeChangeCallback - Cluster ID: '0x406', EndPoint ID: '0x1', Attribute ID: '0x2'[0m
[0;31mE (3584) light-app-callbacks: @@@@@ Unhandled cluster[0m
[0;32mI (3594) light-app-callbacks: Unhandled cluster ID: 1030[0m
[0;31mE (3594) light-app-callbacks: @@@@@ END AppDeviceCallbacks::PostAttributeChangeCallback[0m
[0;32mI (3604) light-app-callbacks: Current free heap: 71888
[0m
[0;32mI (3604) chip[SVR]: Fabric already commissioned. Disabling BLE advertisement[0m
[0;32mI (3614) chip[IN]: CASE Server enabling CASE session setups[0m
[0;32mI (3624) chip[SVR]: Joining Multicast groups[0m
[0;32mI (3624) chip[SVR]: Server Listening...[0m
[0;32mI (3634) NimBLE: GAP procedure initiated: stop advertising.
[0m
[0;32mI (3774) esp_netif_handlers: sta ip: 192.168.137.153, mask: 255.255.255.0, gw: 192.168.137.1[0m
[0;32mI (4654) ESP32Appserver: BLE deinit successful and memory reclaimed[0m
[0;31mE (4654) light-app: @@@@@ END InitServer in Main[0m
[0;31mE (4654) chip[DL]: Long dispatch time: 2066 ms, for event type 2[0m
[0;32mI (4664) app-devicecallbacks: Current free heap: 148348
[0m
[0;32mI (4664) chip[DL]: WIFI_EVENT_STA_START[0m
[0;32mI (4684) chip[DL]: Done driving station state, nothing else to do...[0m
[0;32mI (4684) app-devicecallbacks: Current free heap: 148348
[0m
[0;32mI (4684) chip[DL]: WIFI_EVENT_STA_CONNECTED[0m
[0;32mI (4694) chip[DL]: WiFi station state change: Connecting -> Connecting_Succeeded[0m
[0;32mI (4704) chip[DL]: WiFi station state change: Connecting_Succeeded -> Connected[0m
[0;32mI (4714) chip[DL]: WiFi station interface connected[0m
[0;32mI (4714) chip[ZCL]: WiFiDiagnosticsDelegate: OnConnectionStatusChanged[0m
[0;32mI (4724) chip[DL]: IPv4 Internet connectivity ESTABLISHED[0m
[0;32mI (4724) chip[DL]: Done driving station state, nothing else to do...[0m
[0;32mI (4744) app-devicecallbacks: Current free heap: 148348
[0m
[0;32mI (4744) chip[DL]: CHIPoBLE advertising stopped[0m
[0;32mI (4744) chip[DL]: IP_EVENT_STA_GOT_IP[0m
[0;32mI (4754) chip[DL]: IPv4 address changed on WiFi station interface: 192.168.137.153/255.255.255.0 gateway 192.168.137.1[0m
[0;32mI (4764) app-devicecallbacks: Current free heap: 148348
[0m
[0;32mI (4774) chip[DL]: Updating advertising data[0m
[0;32mI (4774) app-devicecallbacks: Current free heap: 148348
[0m
[0;32mI (4784) app-devicecallbacks: IPv4 Server ready...[0m
[0;31mE (4784) light-app-callbacks: @@@@@ START AppDeviceCallbacksDelegate::OnIPv4ConnectivityEstablished[0m
[0;31mE (4794) WiFiWidget: @@@@@ START WiFiWidget::Set[0m
[0;31mE (4794) WiFiWidget: @@@@@ START WiFiWidget::Set[0m
[0;31mE (4814) light-app-callbacks: @@@@@ END AppDeviceCallbacksDelegate::OnIPv4ConnectivityEstablished[0m
[0;32mI (4814) chip[DIS]: Updating services using commissioning mode 0[0m
[0;32mI (4824) chip[DIS]: CHIP minimal mDNS started advertising.[0m
[0;32mI (4824) chip[DIS]: Advertise operational node 0F05F6A575674356-1828E412F92E59AC[0m
[0;32mI (4834) chip[DIS]: CHIP minimal mDNS configured as 'Operational device'; instance name: 0F05F6A575674356-1828E412F92E59AC.[0m
[0;32mI (4854) chip[DIS]: mDNS service published: _matter._tcp[0m
[0;32mI (4854) chip[DIS]: Advertise operational node 34158891577C181A-D9021AEA53A2164B[0m
[0;32mI (4864) chip[DIS]: CHIP minimal mDNS configured as 'Operational device'; instance name: 34158891577C181A-D9021AEA53A2164B.[0m
[0;32mI (4884) chip[DIS]: mDNS service published: _matter._tcp[0m
[0;32mI (4884) app-devicecallbacks: Current free heap: 146012
[0m
[0;32mI (4884) app-devicecallbacks: Current free heap: 146012
[0m
[0;32mI (4894) chip[DIS]: Updating services using commissioning mode 0[0m
[0;32mI (4904) chip[DIS]: CHIP minimal mDNS started advertising.[0m
[0;32mI (4914) chip[DIS]: Advertise operational node 0F05F6A575674356-1828E412F92E59AC[0m
[0;32mI (4924) chip[DIS]: CHIP minimal mDNS configured as 'Operational device'; instance name: 0F05F6A575674356-1828E412F92E59AC.[0m
[0;32mI (4934) chip[DIS]: mDNS service published: _matter._tcp[0m
[0;32mI (4944) chip[DIS]: Advertise operational node 34158891577C181A-D9021AEA53A2164B[0m
[0;32mI (4944) chip[DIS]: CHIP minimal mDNS configured as 'Operational device'; instance name: 34158891577C181A-D9021AEA53A2164B.[0m
[0;32mI (4964) chip[DIS]: mDNS service published: _matter._tcp[0m
[0;32mI (4964) app-devicecallbacks: Current free heap: 145624
[0m
[0;32mI (6454) chip[DL]: IP_EVENT_GOT_IP6[0m
[0;32mI (6454) chip[DL]: IPv6 addr available. Ready on WIFI_STA_DEF interface: fe80:0000:0000:0000:b2a7:32ff:fedb:799c[0m
[0;32mI (6474) app-devicecallbacks: Current free heap: 145856
[0m
[0;32mI (6474) chip[DIS]: Updating services using commissioning mode 0[0m
[0;32mI (6474) chip[DIS]: CHIP minimal mDNS started advertising.[0m
[0;32mI (6504) chip[DIS]: Advertise operational node 0F05F6A575674356-1828E412F92E59AC[0m
[0;32mI (6504) chip[DIS]: CHIP minimal mDNS configured as 'Operational device'; instance name: 0F05F6A575674356-1828E412F92E59AC.[0m
[0;32mI (6524) chip[DIS]: mDNS service published: _matter._tcp[0m
[0;32mI (6524) chip[DIS]: Advertise operational node 34158891577C181A-D9021AEA53A2164B[0m
[0;32mI (6524) chip[DIS]: CHIP minimal mDNS configured as 'Operational device'; instance name: 34158891577C181A-D9021AEA53A2164B.[0m
[0;32mI (6544) chip[DIS]: mDNS service published: _matter._tcp[0m
[0;32mI (6554) app-devicecallbacks: Current free heap: 144744
[0m
[0;32mI (6554) chip[DIS]: Updating services using commissioning mode 0[0m
[0;32mI (6564) chip[DIS]: CHIP minimal mDNS started advertising.[0m
[0;32mI (6584) chip[DIS]: Advertise operational node 0F05F6A575674356-1828E412F92E59AC[0m
[0;32mI (6584) chip[DIS]: CHIP minimal mDNS configured as 'Operational device'; instance name: 0F05F6A575674356-1828E412F92E59AC.[0m
[0;32mI (6604) chip[DIS]: mDNS service published: _matter._tcp[0m
[0;32mI (6604) chip[DIS]: Advertise operational node 34158891577C181A-D9021AEA53A2164B[0m
[0;32mI (6604) chip[DIS]: CHIP minimal mDNS configured as 'Operational device'; instance name: 34158891577C181A-D9021AEA53A2164B.[0m
[0;32mI (6624) chip[DIS]: mDNS service published: _matter._tcp[0m
[0;32mI (6634) chip[SVR]: Server initialization complete[0m
[0;32mI (6634) app-devicecallbacks: Current free heap: 142800
[0m
[0;32mI (6674) chip[IM]: Resuming 1 subscriptions in 1 seconds[0m
[0;32mI (6674) app-devicecallbacks: Current free heap: 143100
[0m
[0;32mI (7364) ROUTE_HOOK: Received RIO[0m
[0;32mI (7364) ROUTE_HOOK: prefix FD93:8F09:DADE:1:: lifetime 1800[0m
[0;32mI (7674) chip[IM]: Resuming subscriptionId 1224746500[0m
[0;32mI (7884) chip[DIS]: Checking node lookup status after 200 ms[0m
[0;32mI (8454) chip[DL]: IP_EVENT_GOT_IP6[0m
[0;32mI (8454) chip[DL]: IPv6 addr available. Ready on WIFI_STA_DEF interface: fd78:6236:2121:6a46:b2a7:32ff:fedb:799c[0m
[0;32mI (8464) ROUTE_HOOK: Hook already installed on netif, skip...[0m
[0;32mI (8464) app-devicecallbacks: Current free heap: 146060
[0m
[0;32mI (8464) chip[DIS]: Updating services using commissioning mode 0[0m
[0;32mI (8484) chip[DIS]: CHIP minimal mDNS started advertising.[0m
[0;32mI (8494) chip[DIS]: Advertise operational node 0F05F6A575674356-1828E412F92E59AC[0m
[0;32mI (8494) chip[DIS]: CHIP minimal mDNS configured as 'Operational device'; instance name: 0F05F6A575674356-1828E412F92E59AC.[0m
[0;32mI (8524) chip[DIS]: mDNS service published: _matter._tcp[0m
[0;32mI (8524) chip[DIS]: Advertise operational node 34158891577C181A-D9021AEA53A2164B[0m
[0;32mI (8524) chip[DIS]: CHIP minimal mDNS configured as 'Operational device'; instance name: 34158891577C181A-D9021AEA53A2164B.[0m
[0;32mI (8544) chip[DIS]: mDNS service published: _matter._tcp[0m
[0;32mI (8544) app-devicecallbacks: Current free heap: 144092
[0m
I (9824) wifi:<ba-add>idx:0 (ifx:0, 16:75:5b:81:e8:b3), tid:0, ssn:6, winSize:64
[0;32mI (11364) chip[EM]: >>> [E:55177r S:0 M:153990111] (U) Msg RX from 0:CB4330465ED0E8C5 [0000] --- Type 0000:30 (SecureChannel:CASE_Sigma1)[0m
[0;32mI (11374) chip[IN]: CASE Server received Sigma1 message . Starting handshake. EC 0x3ffc77f8[0m
[0;32mI (11384) chip[EM]: <<< [E:55177r S:0 M:150987636 (Ack:153990111)] (U) Msg TX to 0:0000000000000000 [0000] [UDP:[FE80::6A3A:48FF:FE2F:7A0D%st1]:42778] --- Type 0000:10 (SecureChannel:StandaloneAck)[0m
[0;32mI (11394) chip[SC]: Received Sigma1 msg[0m
[0;32mI (11414) chip[EM]: <<< [E:55177r S:0 M:150987637 (Ack:153990111)] (U) Msg TX to 0:0000000000000000 [0000] [UDP:[FE80::6A3A:48FF:FE2F:7A0D%st1]:42778] --- Type 0000:33 (SecureChannel:CASE_Sigma2Resume)[0m
[0;32mI (11674) chip[EM]: >>> [E:55177r S:0 M:153990111] (U) Msg RX from 0:CB4330465ED0E8C5 [0000] --- Type 0000:30 (SecureChannel:CASE_Sigma1)[0m
[0;32mI (11674) chip[EM]: <<< [E:55177r S:0 M:150987638 (Ack:153990111)] (U) Msg TX to 0:0000000000000000 [0000] [UDP:[FE80::6A3A:48FF:FE2F:7A0D%st1]:42778] --- Type 0000:10 (SecureChannel:StandaloneAck)[0m
[0;32mI (11704) chip[EM]: >>> [E:55177r S:0 M:153990112 (Ack:150987637)] (U) Msg RX from 0:CB4330465ED0E8C5 [0000] --- Type 0000:40 (SecureChannel:StatusReport)[0m
[0;32mI (11714) chip[SC]: Success status report received. Session was established[0m
[0;32mI (11754) chip[SC]: SecureSession[0x3ffc5fe0, LSID:23768]: State change 'kEstablishing' --> 'kActive'[0m
[0;32mI (11764) chip[IN]: CASE Session established to peer: <427A872032D62D0C, 1>[0m
[0;32mI (11774) chip[EM]: <<< [E:55177r S:0 M:150987639 (Ack:153990112)] (U) Msg TX to 0:0000000000000000 [0000] [UDP:[FE80::6A3A:48FF:FE2F:7A0D%st1]:42778] --- Type 0000:10 (SecureChannel:StandaloneAck)[0m
[0;32mI (11794) chip[EM]: >>> [E:55178r S:23768 M:236962895] (S) Msg RX from 1:427A872032D62D0C [4356] --- Type 0001:03 (IM:SubscribeRequest)[0m
[0;32mI (11804) chip[DMG]: Final negotiated min/max parameters: Min = 1s, Max = 30s[0m
[0;32mI (11844) chip[EM]: <<< [E:55178r S:23768 M:20621801 (Ack:236962895)] (S) Msg TX to 1:427A872032D62D0C [4356] [UDP:[FE80::6A3A:48FF:FE2F:7A0D%st1]:42778] --- Type 0001:05 (IM:ReportData)[0m
[0;32mI (11894) chip[EM]: >>> [E:55178r S:23768 M:236962896 (Ack:20621801)] (S) Msg RX from 1:427A872032D62D0C [4356] --- Type 0001:01 (IM:StatusResponse)[0m
[0;32mI (11904) chip[IM]: Received status response, status is 0x00[0m
[0;32mI (11904) chip[EM]: <<< [E:55178r S:23768 M:20621802 (Ack:236962896)] (S) Msg TX to 1:427A872032D62D0C [4356] [UDP:[FE80::6A3A:48FF:FE2F:7A0D%st1]:42778] --- Type 0001:04 (IM:SubscribeResponse)[0m
[0;32mI (11924) chip[DMG]: Registered a ReadHandler that will schedule a report between system Timestamp: 12134 and system Timestamp 41134.[0m
[0;32mI (11944) chip[EM]: >>> [E:55178r S:23768 M:236962897 (Ack:20621802)] (S) Msg RX from 1:427A872032D62D0C [4356] --- Type 0000:10 (SecureChannel:StandaloneAck)[0m
[0;32mI (24274) chip[EM]: >>> [E:55179r S:23768 M:236962898] (S) Msg RX from 1:427A872032D62D0C [4356] --- Type 0001:02 (IM:ReadRequest)[0m
[0;32mI (24284) chip[EM]: <<< [E:55179r S:23768 M:20621803 (Ack:236962898)] (S) Msg TX to 1:427A872032D62D0C [4356] [UDP:[FE80::6A3A:48FF:FE2F:7A0D%st1]:42778] --- Type 0001:05 (IM:ReportData)[0m
[0;32mI (24574) chip[EM]: >>> [E:55179r S:23768 M:236962898] (S) Msg RX from 1:427A872032D62D0C [4356] --- Type 0001:02 (IM:ReadRequest)[0m
[0;32mI (24574) chip[EM]: <<< [E:55179r S:23768 M:20621804 (Ack:236962898)] (S) Msg TX to 1:427A872032D62D0C [4356] [UDP:[FE80::6A3A:48FF:FE2F:7A0D%st1]:42778] --- Type 0000:10 (SecureChannel:StandaloneAck)[0m
[0;32mI (24604) chip[EM]: >>> [E:55179r S:23768 M:236962899 (Ack:20621803)] (S) Msg RX from 1:427A872032D62D0C [4356] --- Type 0000:10 (SecureChannel:StandaloneAck)[0m
[0;32mI (24624) chip[EM]: >>> [E:55180r S:23768 M:236962900] (S) Msg RX from 1:427A872032D62D0C [4356] --- Type 0001:02 (IM:ReadRequest)[0m
[0;32mI (24634) chip[EM]: <<< [E:55180r S:23768 M:20621805 (Ack:236962900)] (S) Msg TX to 1:427A872032D62D0C [4356] [UDP:[FE80::6A3A:48FF:FE2F:7A0D%st1]:42778] --- Type 0001:05 (IM:ReportData)[0m
[0;32mI (24694) chip[EM]: >>> [E:55180r S:23768 M:236962901 (Ack:20621805)] (S) Msg RX from 1:427A872032D62D0C [4356] --- Type 0000:10 (SecureChannel:StandaloneAck)[0m
[0;32mI (25804) chip[EM]: >>> [E:55181r S:23768 M:236962902] (S) Msg RX from 1:427A872032D62D0C [4356] --- Type 0001:08 (IM:InvokeCommandRequest)[0m
[0;32mI (25814) chip[ZCL]: Toggle ep1 on/off from state 0 to 1[0m
[0;32mI (25824) chip[ZCL]: On Command - OffWaitTime :  0[0m
[0;31mE (25824) light-app-callbacks: @@@@@ START AppDeviceCallbacks::PostAttributeChangeCallback[0m
[0;32mI (25834) light-app-callbacks: PostAttributeChangeCallback - Cluster ID: '0x6', EndPoint ID: '0x1', Attribute ID: '0x4002'[0m
[0;31mE (25854) light-app-callbacks: @@@@@ case clusterId == OnOff::Id[0m
[0;31mE (25854) light-app-callbacks: @@@@@ START AppDeviceCallbacks::OnOnOffPostAttributeChangeCallback[0m
[0;32mI (25864) light-app-callbacks: Unhandled Attribute ID: '0x4002'[0m
[0;31mE (25864) light-app-callbacks: @@@@@ EXIT AppDeviceCallbacks::OnOnOffPostAttributeChangeCallback[0m
[0;31mE (25874) light-app-callbacks: @@@@@ END AppDeviceCallbacks::PostAttributeChangeCallback[0m
[0;32mI (25884) light-app-callbacks: Current free heap: 144272
[0m
[0;32mI (25894) chip[ZCL]: On/Toggle Command - Stop Timer[0m
[0;31mE (25904) light-app-callbacks: @@@@@ START AppDeviceCallbacks::PostAttributeChangeCallback[0m
[0;32mI (25904) light-app-callbacks: PostAttributeChangeCallback - Cluster ID: '0x6', EndPoint ID: '0x1', Attribute ID: '0x4000'[0m
[0;31mE (25914) light-app-callbacks: @@@@@ case clusterId == OnOff::Id[0m
[0;31mE (25924) light-app-callbacks: @@@@@ START AppDeviceCallbacks::OnOnOffPostAttributeChangeCallback[0m
[0;32mI (25944) light-app-callbacks: Unhandled Attribute ID: '0x4000'[0m
[0;31mE (25944) light-app-callbacks: @@@@@ EXIT AppDeviceCallbacks::OnOnOffPostAttributeChangeCallback[0m
[0;31mE (25954) light-app-callbacks: @@@@@ END AppDeviceCallbacks::PostAttributeChangeCallback[0m
[0;32mI (25964) light-app-callbacks: Current free heap: 144272
[0m
[0;31mE (25974) light-app-callbacks: @@@@@ START AppDeviceCallbacks::PostAttributeChangeCallback[0m
[0;32mI (25974) light-app-callbacks: PostAttributeChangeCallback - Cluster ID: '0x6', EndPoint ID: '0x1', Attribute ID: '0x0'[0m
[0;31mE (25984) light-app-callbacks: @@@@@ case clusterId == OnOff::Id[0m
[0;31mE (25994) light-app-callbacks: @@@@@ START AppDeviceCallbacks::OnOnOffPostAttributeChangeCallback[0m
[0;31mE (26004) LEDWidget: @@@@@ START LEDWidget::Set[0m
[0;32mI (26014) LEDWidget: Setting state to 1[0m
[0;31mE (26014) LEDWidget: @@@@@ START LEDWidget::DoSet[0m
[0;31mE (26014) LEDWidget: @@@@@ LEDWidget::Doset CONFIG_LED_TYPE_RMT[0m
[0;31mE (26024) LEDWidget: @@@@@ LEDWidget::Doset ledc_set_duty call[0m
[0;31mE (26034) LEDWidget: @@@@@ LEDWidget::Doset ledc_update_duty call[0m
[0;31mE (26034) LEDWidget: @@@@@ END LEDWidget::DoSet[0m
[0;31mE (26034) LEDWidget: @@@@@ END LEDWidget::Set[0m
[0;31mE (26054) light-app-callbacks: @@@@@ END AppDeviceCallbacks::OnOnOffPostAttributeChangeCallback[0m
[0;31mE (26064) light-app-callbacks: @@@@@ EXIT AppDeviceCallbacks::OnOnOffPostAttributeChangeCallback[0m
[0;31mE (26064) light-app-callbacks: @@@@@ END AppDeviceCallbacks::PostAttributeChangeCallback[0m
[0;32mI (26074) light-app-callbacks: Current free heap: 144140
[0m
[0;31mE (26094) light-app-callbacks: @@@@@ START AppDeviceCallbacks::PostAttributeChangeCallback[0m
[0;32mI (26094) light-app-callbacks: PostAttributeChangeCallback - Cluster ID: '0x8', EndPoint ID: '0x1', Attribute ID: '0x0'[0m
[0;31mE (26104) light-app-callbacks: @@@@@ case clusterId == LevelControll::Id[0m
[0;31mE (26104) light-app-callbacks: @@@@@ START AppDeviceCallbacks::OnLevelControlAttributeChangeCallback[0m
[0;31mE (26124) LEDWidget: @@@@@ START LEDWidget::SetBrightness[0m
[0;32mI (26134) LEDWidget: Setting brightness to 1[0m
[0;31mE (26134) light-app-callbacks: @@@@@ START AppDeviceCallbacks::OnLevelControlAttributeChangeCallback[0m
[0;31mE (26144) light-app-callbacks: @@@@@ EXIT AppDeviceCallbacks::OnLevelControlAttributeChangeCallback[0m
[0;31mE (26154) light-app-callbacks: @@@@@ END AppDeviceCallbacks::PostAttributeChangeCallback[0m
[0;32mI (26164) light-app-callbacks: Current free heap: 140588
[0m
[0;31mE (26174) light-app-callbacks: @@@@@ START AppDeviceCallbacks::PostAttributeChangeCallback[0m
[0;32mI (26174) light-app-callbacks: PostAttributeChangeCallback - Cluster ID: '0x5', EndPoint ID: '0x1', Attribute ID: '0x3'[0m
[0;31mE (26184) light-app-callbacks: @@@@@ Unhandled cluster[0m
[0;32mI (26194) light-app-callbacks: Unhandled cluster ID: 5[0m
[0;31mE (26194) light-app-callbacks: @@@@@ END AppDeviceCallbacks::PostAttributeChangeCallback[0m
[0;32mI (26214) light-app-callbacks: Current free heap: 140588
[0m
[0;32mI (26214) chip[EM]: <<< [E:55181r S:23768 M:20621806 (Ack:236962902)] (S) Msg TX to 1:427A872032D62D0C [4356] [UDP:[FE80::6A3A:48FF:FE2F:7A0D%st1]:42778] --- Type 0001:09 (IM:InvokeCommandResponse)[0m
[0;32mI (26234) chip[EM]: <<< [E:35669i S:23768 M:20621807] (S) Msg TX to 1:427A872032D62D0C [4356] [UDP:[FE80::6A3A:48FF:FE2F:7A0D%st1]:42778] --- Type 0001:05 (IM:ReportData)[0m
[0;32mI (26254) chip[EM]: >>> [E:55181r S:23768 M:236962902] (S) Msg RX from 1:427A872032D62D0C [4356] --- Type 0001:08 (IM:InvokeCommandRequest)[0m
[0;32mI (26264) chip[EM]: <<< [E:55181r S:23768 M:20621808 (Ack:236962902)] (S) Msg TX to 1:427A872032D62D0C [4356] [UDP:[FE80::6A3A:48FF:FE2F:7A0D%st1]:42778] --- Type 0000:10 (SecureChannel:StandaloneAck)[0m
[0;32mI (26294) chip[EM]: >>> [E:55181r S:23768 M:236962903 (Ack:20621806)] (S) Msg RX from 1:427A872032D62D0C [4356] --- Type 0000:10 (SecureChannel:StandaloneAck)[0m
[0;32mI (26304) chip[EM]: >>> [E:35669i S:23768 M:236962904 (Ack:20621807)] (S) Msg RX from 1:427A872032D62D0C [4356] --- Type 0001:01 (IM:StatusResponse)[0m
[0;32mI (26314) chip[IM]: Received status response, status is 0x00[0m
[0;32mI (26324) chip[EM]: <<< [E:35669i S:23768 M:20621809 (Ack:236962904)] (S) Msg TX to 1:427A872032D62D0C [4356] [UDP:[FE80::6A3A:48FF:FE2F:7A0D%st1]:42778] --- Type 0000:10 (SecureChannel:StandaloneAck)[0m
[0;32mI (30104) chip[EM]: >>> [E:55182r S:23768 M:236962905] (S) Msg RX from 1:427A872032D62D0C [4356] --- Type 0001:08 (IM:InvokeCommandRequest)[0m
[0;32mI (30114) chip[ZCL]: RX level-control: MOVE_TO_LEVEL_WITH_ON_OFF 95  0 0 0[0m
[0;32mI (30124) chip[ZCL]: Setting on/off to ON due to level change[0m
[0;32mI (30124) chip[ZCL]: Endpoint 1 On/off already set to new value[0m
[0;31mE (30134) light-app-callbacks: @@@@@ START AppDeviceCallbacks::PostAttributeChangeCallback[0m
[0;32mI (30134) light-app-callbacks: PostAttributeChangeCallback - Cluster ID: '0x5', EndPoint ID: '0x1', Attribute ID: '0x3'[0m
[0;31mE (30154) light-app-callbacks: @@@@@ Unhandled cluster[0m
[0;32mI (30164) light-app-callbacks: Unhandled cluster ID: 5[0m
[0;31mE (30164) light-app-callbacks: @@@@@ END AppDeviceCallbacks::PostAttributeChangeCallback[0m
[0;32mI (30174) light-app-callbacks: Current free heap: 144140
[0m
[0;31mE (30174) light-app-callbacks: @@@@@ START AppDeviceCallbacks::PostAttributeChangeCallback[0m
[0;32mI (30184) light-app-callbacks: PostAttributeChangeCallback - Cluster ID: '0x6', EndPoint ID: '0x1', Attribute ID: '0x4000'[0m
[0;31mE (30204) light-app-callbacks: @@@@@ case clusterId == OnOff::Id[0m
[0;31mE (30204) light-app-callbacks: @@@@@ START AppDeviceCallbacks::OnOnOffPostAttributeChangeCallback[0m
[0;32mI (30214) light-app-callbacks: Unhandled Attribute ID: '0x4000'[0m
[0;31mE (30224) light-app-callbacks: @@@@@ EXIT AppDeviceCallbacks::OnOnOffPostAttributeChangeCallback[0m
[0;31mE (30224) light-app-callbacks: @@@@@ END AppDeviceCallbacks::PostAttributeChangeCallback[0m
[0;32mI (30244) light-app-callbacks: Current free heap: 144140
[0m
[0;32mI (30254) chip[EM]: <<< [E:55182r S:23768 M:20621810 (Ack:236962905)] (S) Msg TX to 1:427A872032D62D0C [4356] [UDP:[FE80::6A3A:48FF:FE2F:7A0D%st1]:42778] --- Type 0001:09 (IM:InvokeCommandResponse)[0m
[0;31mE (30284) light-app-callbacks: @@@@@ START AppDeviceCallbacks::PostAttributeChangeCallback[0m
[0;32mI (30284) light-app-callbacks: PostAttributeChangeCallback - Cluster ID: '0x8', EndPoint ID: '0x1', Attribute ID: '0x0'[0m
[0;31mE (30294) light-app-callbacks: @@@@@ case clusterId == LevelControll::Id[0m
[0;31mE (30314) light-app-callbacks: @@@@@ START AppDeviceCallbacks::OnLevelControlAttributeChangeCallback[0m
[0;31mE (30314) LEDWidget: @@@@@ START LEDWidget::SetBrightness[0m
[0;32mI (30324) LEDWidget: Setting brightness to 149[0m
[0;31mE (30324) LEDWidget: @@@@@ START LEDWidget::DoSet[0m
[0;31mE (30334) LEDWidget: @@@@@ LEDWidget::Doset CONFIG_LED_TYPE_RMT[0m
[0;31mE (30334) LEDWidget: @@@@@ LEDWidget::Doset ledc_set_duty call[0m
[0;31mE (30344) LEDWidget: @@@@@ LEDWidget::Doset ledc_update_duty call[0m
[0;31mE (30354) LEDWidget: @@@@@ END LEDWidget::DoSet[0m
[0;31mE (30364) LEDWidget: @@@@@ END LEDWidget::SetBrightness[0m
[0;31mE (30364) light-app-callbacks: @@@@@ START AppDeviceCallbacks::OnLevelControlAttributeChangeCallback[0m
[0;31mE (30374) light-app-callbacks: @@@@@ EXIT AppDeviceCallbacks::OnLevelControlAttributeChangeCallback[0m
[0;31mE (30384) light-app-callbacks: @@@@@ END AppDeviceCallbacks::PostAttributeChangeCallback[0m
[0;32mI (30384) light-app-callbacks: Current free heap: 140764
[0m
[0;32mI (30404) chip[ZCL]: Setting on/off to ON due to level change[0m
[0;32mI (30404) chip[ZCL]: Endpoint 1 On/off already set to new value[0m
[0;31mE (30414) light-app-callbacks: @@@@@ START AppDeviceCallbacks::PostAttributeChangeCallback[0m
[0;32mI (30414) light-app-callbacks: PostAttributeChangeCallback - Cluster ID: '0x8', EndPoint ID: '0x1', Attribute ID: '0x1'[0m
[0;31mE (30424) light-app-callbacks: @@@@@ case clusterId == LevelControll::Id[0m
[0;31mE (30444) light-app-callbacks: @@@@@ START AppDeviceCallbacks::OnLevelControlAttributeChangeCallback[0m
[0;32mI (30454) light-app-callbacks: Unhandled Attribute ID: '0x1'[0m
[0;31mE (30454) light-app-callbacks: @@@@@ EXIT AppDeviceCallbacks::OnLevelControlAttributeChangeCallback[0m
[0;31mE (30464) light-app-callbacks: @@@@@ END AppDeviceCallbacks::PostAttributeChangeCallback[0m
[0;32mI (30474) light-app-callbacks: Current free heap: 140764
[0m
[0;32mI (30484) chip[EM]: >>> [E:55182r S:23768 M:236962905] (S) Msg RX from 1:427A872032D62D0C [4356] --- Type 0001:08 (IM:InvokeCommandRequest)[0m
[0;32mI (30494) chip[EM]: <<< [E:55182r S:23768 M:20621811 (Ack:236962905)] (S) Msg TX to 1:427A872032D62D0C [4356] [UDP:[FE80::6A3A:48FF:FE2F:7A0D%st1]:42778] --- Type 0000:10 (SecureChannel:StandaloneAck)[0m
[0;32mI (30514) chip[EM]: <<< [E:35670i S:23768 M:20621812] (S) Msg TX to 1:427A872032D62D0C [4356] [UDP:[FE80::6A3A:48FF:FE2F:7A0D%st1]:42778] --- Type 0001:05 (IM:ReportData)[0m
[0;32mI (30534) chip[EM]: >>> [E:55182r S:23768 M:236962906 (Ack:20621810)] (S) Msg RX from 1:427A872032D62D0C [4356] --- Type 0000:10 (SecureChannel:StandaloneAck)[0m
[0;32mI (30894) chip[EM]: Retransmitting MessageCounter:20621812 on exchange 35670i Send Cnt 1[0m
[0;32mI (30904) chip[EM]: >>> [E:35670i S:23768 M:236962907 (Ack:20621812)] (S) Msg RX from 1:427A872032D62D0C [4356] --- Type 0001:01 (IM:StatusResponse)[0m
[0;32mI (30914) chip[IM]: Received status response, status is 0x00[0m
[0;32mI (30924) chip[EM]: <<< [E:35670i S:23768 M:20621813 (Ack:236962907)] (S) Msg TX to 1:427A872032D62D0C [4356] [UDP:[FE80::6A3A:48FF:FE2F:7A0D%st1]:42778] --- Type 0000:10 (SecureChannel:StandaloneAck)[0m
[0;32mI (30944) chip[EM]: >>> [E:35670i S:23768 M:236962908 (Ack:20621812)] (S) Msg RX from 1:427A872032D62D0C [4356] --- Type 0000:10 (SecureChannel:StandaloneAck)[0m
[0;32mI (33184) chip[EM]: >>> [E:55183r S:23768 M:236962909] (S) Msg RX from 1:427A872032D62D0C [4356] --- Type 0001:08 (IM:InvokeCommandRequest)[0m
[0;32mI (33184) chip[ZCL]: RX level-control: MOVE_TO_LEVEL_WITH_ON_OFF 53  0 0 0[0m
[0;31mE (33204) light-app-callbacks: @@@@@ START AppDeviceCallbacks::PostAttributeChangeCallback[0m
[0;32mI (33204) light-app-callbacks: PostAttributeChangeCallback - Cluster ID: '0x5', EndPoint ID: '0x1', Attribute ID: '0x3'[0m
[0;31mE (33214) light-app-callbacks: @@@@@ Unhandled cluster[0m
[0;32mI (33224) light-app-callbacks: Unhandled cluster ID: 5[0m
[0;31mE (33224) light-app-callbacks: @@@@@ END AppDeviceCallbacks::PostAttributeChangeCallback[0m
[0;32mI (33234) light-app-callbacks: Current free heap: 144272
[0m
[0;31mE (33244) light-app-callbacks: @@@@@ START AppDeviceCallbacks::PostAttributeChangeCallback[0m
[0;32mI (33254) light-app-callbacks: PostAttributeChangeCallback - Cluster ID: '0x6', EndPoint ID: '0x1', Attribute ID: '0x4000'[0m
[0;31mE (33264) light-app-callbacks: @@@@@ case clusterId == OnOff::Id[0m
[0;31mE (33264) light-app-callbacks: @@@@@ START AppDeviceCallbacks::OnOnOffPostAttributeChangeCallback[0m
[0;32mI (33274) light-app-callbacks: Unhandled Attribute ID: '0x4000'[0m
[0;31mE (33294) light-app-callbacks: @@@@@ EXIT AppDeviceCallbacks::OnOnOffPostAttributeChangeCallback[0m
[0;31mE (33294) light-app-callbacks: @@@@@ END AppDeviceCallbacks::PostAttributeChangeCallback[0m
[0;32mI (33304) light-app-callbacks: Current free heap: 144272
[0m
[0;32mI (33314) chip[EM]: <<< [E:55183r S:23768 M:20621814 (Ack:236962909)] (S) Msg TX to 1:427A872032D62D0C [4356] [UDP:[FE80::6A3A:48FF:FE2F:7A0D%st1]:42778] --- Type 0001:09 (IM:InvokeCommandResponse)[0m
[0;31mE (33354) light-app-callbacks: @@@@@ START AppDeviceCallbacks::PostAttributeChangeCallback[0m
[0;32mI (33354) light-app-callbacks: PostAttributeChangeCallback - Cluster ID: '0x8', EndPoint ID: '0x1', Attribute ID: '0x0'[0m
[0;31mE (33364) light-app-callbacks: @@@@@ case clusterId == LevelControll::Id[0m
[0;31mE (33384) light-app-callbacks: @@@@@ START AppDeviceCallbacks::OnLevelControlAttributeChangeCallback[0m
[0;31mE (33384) LEDWidget: @@@@@ START LEDWidget::SetBrightness[0m
[0;32mI (33394) LEDWidget: Setting brightness to 83[0m
[0;31mE (33394) LEDWidget: @@@@@ START LEDWidget::DoSet[0m
[0;31mE (33404) LEDWidget: @@@@@ LEDWidget::Doset CONFIG_LED_TYPE_RMT[0m
[0;31mE (33404) LEDWidget: @@@@@ LEDWidget::Doset ledc_set_duty call[0m
[0;31mE (33414) LEDWidget: @@@@@ LEDWidget::Doset ledc_update_duty call[0m
[0;31mE (33424) LEDWidget: @@@@@ END LEDWidget::DoSet[0m
[0;31mE (33434) LEDWidget: @@@@@ END LEDWidget::SetBrightness[0m
[0;31mE (33434) light-app-callbacks: @@@@@ START AppDeviceCallbacks::OnLevelControlAttributeChangeCallback[0m
[0;31mE (33444) light-app-callbacks: @@@@@ EXIT AppDeviceCallbacks::OnLevelControlAttributeChangeCallback[0m
[0;31mE (33454) light-app-callbacks: @@@@@ END AppDeviceCallbacks::PostAttributeChangeCallback[0m
[0;32mI (33454) light-app-callbacks: Current free heap: 140764
[0m
[0;32mI (33474) chip[ZCL]: Setting on/off to ON due to level change[0m
[0;32mI (33474) chip[ZCL]: Endpoint 1 On/off already set to new value[0m
[0;31mE (33484) light-app-callbacks: @@@@@ START AppDeviceCallbacks::PostAttributeChangeCallback[0m
[0;32mI (33484) light-app-callbacks: PostAttributeChangeCallback - Cluster ID: '0x8', EndPoint ID: '0x1', Attribute ID: '0x1'[0m
[0;31mE (33494) light-app-callbacks: @@@@@ case clusterId == LevelControll::Id[0m
[0;31mE (33514) light-app-callbacks: @@@@@ START AppDeviceCallbacks::OnLevelControlAttributeChangeCallback[0m
[0;32mI (33524) light-app-callbacks: Unhandled Attribute ID: '0x1'[0m
[0;31mE (33524) light-app-callbacks: @@@@@ EXIT AppDeviceCallbacks::OnLevelControlAttributeChangeCallback[0m
[0;31mE (33534) light-app-callbacks: @@@@@ END AppDeviceCallbacks::PostAttributeChangeCallback[0m
[0;32mI (33534) light-app-callbacks: Current free heap: 140764
[0m
[0;32mI (33554) chip[EM]: >>> [E:55183r S:23768 M:236962909] (S) Msg RX from 1:427A872032D62D0C [4356] --- Type 0001:08 (IM:InvokeCommandRequest)[0m
[0;32mI (33564) chip[EM]: <<< [E:55183r S:23768 M:20621815 (Ack:236962909)] (S) Msg TX to 1:427A872032D62D0C [4356] [UDP:[FE80::6A3A:48FF:FE2F:7A0D%st1]:42778] --- Type 0000:10 (SecureChannel:StandaloneAck)[0m
[0;32mI (33584) chip[EM]: <<< [E:35671i S:23768 M:20621816] (S) Msg TX to 1:427A872032D62D0C [4356] [UDP:[FE80::6A3A:48FF:FE2F:7A0D%st1]:42778] --- Type 0001:05 (IM:ReportData)[0m
[0;32mI (33604) chip[EM]: >>> [E:55183r S:23768 M:236962910 (Ack:20621814)] (S) Msg RX from 1:427A872032D62D0C [4356] --- Type 0000:10 (SecureChannel:StandaloneAck)[0m
[0;32mI (34014) chip[EM]: Retransmitting MessageCounter:20621816 on exchange 35671i Send Cnt 1[0m
[0;32mI (34024) chip[EM]: >>> [E:35671i S:23768 M:236962911 (Ack:20621816)] (S) Msg RX from 1:427A872032D62D0C [4356] --- Type 0001:01 (IM:StatusResponse)[0m
[0;32mI (34044) chip[IM]: Received status response, status is 0x00[0m
[0;32mI (34044) chip[EM]: <<< [E:35671i S:23768 M:20621817 (Ack:236962911)] (S) Msg TX to 1:427A872032D62D0C [4356] [UDP:[FE80::6A3A:48FF:FE2F:7A0D%st1]:42778] --- Type 0000:10 (SecureChannel:StandaloneAck)[0m
[0;32mI (34064) chip[EM]: >>> [E:35671i S:23768 M:236962912 (Ack:20621816)] (S) Msg RX from 1:427A872032D62D0C [4356] --- Type 0000:10 (SecureChannel:StandaloneAck)[0m
[0;32mI (35334) chip[EM]: >>> [E:55184r S:23768 M:236962913] (S) Msg RX from 1:427A872032D62D0C [4356] --- Type 0001:08 (IM:InvokeCommandRequest)[0m
[0;32mI (35334) chip[ZCL]: Toggle ep1 on/off from state 1 to 0[0m
[0;31mE (35354) light-app-callbacks: @@@@@ START AppDeviceCallbacks::PostAttributeChangeCallback[0m
[0;32mI (35354) light-app-callbacks: PostAttributeChangeCallback - Cluster ID: '0x5', EndPoint ID: '0x1', Attribute ID: '0x3'[0m
[0;31mE (35364) light-app-callbacks: @@@@@ Unhandled cluster[0m
[0;32mI (35374) light-app-callbacks: Unhandled cluster ID: 5[0m
[0;31mE (35374) light-app-callbacks: @@@@@ END AppDeviceCallbacks::PostAttributeChangeCallback[0m
[0;32mI (35384) light-app-callbacks: Current free heap: 144272
[0m
[0;31mE (35394) light-app-callbacks: @@@@@ START AppDeviceCallbacks::PostAttributeChangeCallback[0m
[0;32mI (35404) light-app-callbacks: PostAttributeChangeCallback - Cluster ID: '0x5', EndPoint ID: '0x1', Attribute ID: '0x3'[0m
[0;31mE (35414) light-app-callbacks: @@@@@ Unhandled cluster[0m
[0;32mI (35414) light-app-callbacks: Unhandled cluster ID: 5[0m
[0;31mE (35424) light-app-callbacks: @@@@@ END AppDeviceCallbacks::PostAttributeChangeCallback[0m
[0;32mI (35424) light-app-callbacks: Current free heap: 144272
[0m
[0;32mI (35444) chip[EM]: <<< [E:55184r S:23768 M:20621818 (Ack:236962913)] (S) Msg TX to 1:427A872032D62D0C [4356] [UDP:[FE80::6A3A:48FF:FE2F:7A0D%st1]:42778] --- Type 0001:09 (IM:InvokeCommandResponse)[0m
[0;31mE (35474) light-app-callbacks: @@@@@ START AppDeviceCallbacks::PostAttributeChangeCallback[0m
[0;32mI (35474) light-app-callbacks: PostAttributeChangeCallback - Cluster ID: '0x8', EndPoint ID: '0x1', Attribute ID: '0x0'[0m
[0;31mE (35484) light-app-callbacks: @@@@@ case clusterId == LevelControll::Id[0m
[0;31mE (35494) light-app-callbacks: @@@@@ START AppDeviceCallbacks::OnLevelControlAttributeChangeCallback[0m
[0;31mE (35504) LEDWidget: @@@@@ START LEDWidget::SetBrightness[0m
[0;32mI (35514) LEDWidget: Setting brightness to 1[0m
[0;31mE (35514) LEDWidget: @@@@@ START LEDWidget::DoSet[0m
[0;31mE (35524) LEDWidget: @@@@@ LEDWidget::Doset CONFIG_LED_TYPE_RMT[0m
[0;31mE (35524) LEDWidget: @@@@@ LEDWidget::Doset ledc_set_duty call[0m
[0;31mE (35534) LEDWidget: @@@@@ LEDWidget::Doset ledc_update_duty call[0m
[0;31mE (35534) LEDWidget: @@@@@ END LEDWidget::DoSet[0m
[0;31mE (35554) LEDWidget: @@@@@ END LEDWidget::SetBrightness[0m
[0;31mE (35554) light-app-callbacks: @@@@@ START AppDeviceCallbacks::OnLevelControlAttributeChangeCallback[0m
[0;31mE (35564) light-app-callbacks: @@@@@ EXIT AppDeviceCallbacks::OnLevelControlAttributeChangeCallback[0m
[0;31mE (35574) light-app-callbacks: @@@@@ END AppDeviceCallbacks::PostAttributeChangeCallback[0m
[0;32mI (35574) light-app-callbacks: Current free heap: 140764
[0m
[0;32mI (35594) chip[ZCL]: Setting on/off to OFF due to level change[0m
[0;32mI (35594) chip[ZCL]: Toggle ep1 on/off from state 1 to 0[0m
[0;31mE (35614) light-app-callbacks: @@@@@ START AppDeviceCallbacks::PostAttributeChangeCallback[0m
[0;32mI (35614) light-app-callbacks: PostAttributeChangeCallback - Cluster ID: '0x6', EndPoint ID: '0x1', Attribute ID: '0x0'[0m
[0;31mE (35624) light-app-callbacks: @@@@@ case clusterId == OnOff::Id[0m
[0;31mE (35634) light-app-callbacks: @@@@@ START AppDeviceCallbacks::OnOnOffPostAttributeChangeCallback[0m
[0;31mE (35644) LEDWidget: @@@@@ START LEDWidget::Set[0m
[0;32mI (35654) LEDWidget: Setting state to 0[0m
[0;31mE (35654) LEDWidget: @@@@@ START LEDWidget::DoSet[0m
[0;31mE (35654) LEDWidget: @@@@@ LEDWidget::Doset CONFIG_LED_TYPE_RMT[0m
[0;31mE (35664) LEDWidget: @@@@@ LEDWidget::Doset ledc_set_duty call[0m
[0;31mE (35664) LEDWidget: @@@@@ LEDWidget::Doset ledc_update_duty call[0m
[0;31mE (35674) LEDWidget: @@@@@ END LEDWidget::DoSet[0m
[0;31mE (35684) LEDWidget: @@@@@ END LEDWidget::Set[0m
[0;31mE (35694) light-app-callbacks: @@@@@ END AppDeviceCallbacks::OnOnOffPostAttributeChangeCallback[0m
[0;31mE (35704) light-app-callbacks: @@@@@ EXIT AppDeviceCallbacks::OnOnOffPostAttributeChangeCallback[0m
[0;31mE (35704) light-app-callbacks: @@@@@ END AppDeviceCallbacks::PostAttributeChangeCallback[0m
[0;32mI (35714) light-app-callbacks: Current free heap: 140764
[0m
[0;32mI (35714) chip[ZCL]: Off completed. reset OnTime to  0[0m
[0;31mE (35734) light-app-callbacks: @@@@@ START AppDeviceCallbacks::PostAttributeChangeCallback[0m
[0;32mI (35744) light-app-callbacks: PostAttributeChangeCallback - Cluster ID: '0x6', EndPoint ID: '0x1', Attribute ID: '0x4001'[0m
[0;31mE (35744) light-app-callbacks: @@@@@ case clusterId == OnOff::Id[0m
[0;31mE (35754) light-app-callbacks: @@@@@ START AppDeviceCallbacks::OnOnOffPostAttributeChangeCallback[0m
[0;32mI (35764) light-app-callbacks: Unhandled Attribute ID: '0x4001'[0m
[0;31mE (35764) light-app-callbacks: @@@@@ EXIT AppDeviceCallbacks::OnOnOffPostAttributeChangeCallback[0m
[0;31mE (35784) light-app-callbacks: @@@@@ END AppDeviceCallbacks::PostAttributeChangeCallback[0m
[0;32mI (35794) light-app-callbacks: Current free heap: 140764
[0m
[0;31mE (35794) light-app-callbacks: @@@@@ START AppDeviceCallbacks::PostAttributeChangeCallback[0m
[0;32mI (35804) light-app-callbacks: PostAttributeChangeCallback - Cluster ID: '0x5', EndPoint ID: '0x1', Attribute ID: '0x3'[0m
[0;31mE (35814) light-app-callbacks: @@@@@ Unhandled cluster[0m
[0;32mI (35814) light-app-callbacks: Unhandled cluster ID: 5[0m
[0;31mE (35834) light-app-callbacks: @@@@@ END AppDeviceCallbacks::PostAttributeChangeCallback[0m
[0;32mI (35834) light-app-callbacks: Current free heap: 140764
[0m
[0;31mE (35854) light-app-callbacks: @@@@@ START AppDeviceCallbacks::PostAttributeChangeCallback[0m
[0;32mI (35854) light-app-callbacks: PostAttributeChangeCallback - Cluster ID: '0x8', EndPoint ID: '0x1', Attribute ID: '0x0'[0m
[0;31mE (35864) light-app-callbacks: @@@@@ case clusterId == LevelControll::Id[0m
[0;31mE (35874) light-app-callbacks: @@@@@ START AppDeviceCallbacks::OnLevelControlAttributeChangeCallback[0m
[0;31mE (35884) LEDWidget: @@@@@ START LEDWidget::SetBrightness[0m
[0;32mI (35894) LEDWidget: Setting brightness to 83[0m
[0;31mE (35894) LEDWidget: @@@@@ START LEDWidget::DoSet[0m
[0;31mE (35904) LEDWidget: @@@@@ LEDWidget::Doset CONFIG_LED_TYPE_RMT[0m
[0;31mE (35904) LEDWidget: @@@@@ LEDWidget::Doset ledc_set_duty call[0m
[0;31mE (35914) LEDWidget: @@@@@ LEDWidget::Doset ledc_update_duty call[0m
[0;31mE (35914) LEDWidget: @@@@@ END LEDWidget::DoSet[0m
[0;31mE (35934) LEDWidget: @@@@@ END LEDWidget::SetBrightness[0m
[0;31mE (35934) light-app-callbacks: @@@@@ START AppDeviceCallbacks::OnLevelControlAttributeChangeCallback[0m
[0;31mE (35944) light-app-callbacks: @@@@@ EXIT AppDeviceCallbacks::OnLevelControlAttributeChangeCallback[0m
[0;31mE (35954) light-app-callbacks: @@@@@ END AppDeviceCallbacks::PostAttributeChangeCallback[0m
[0;32mI (35954) light-app-callbacks: Current free heap: 140764
[0m
[0;31mE (35964) light-app-callbacks: @@@@@ START AppDeviceCallbacks::PostAttributeChangeCallback[0m
[0;32mI (35974) light-app-callbacks: PostAttributeChangeCallback - Cluster ID: '0x8', EndPoint ID: '0x1', Attribute ID: '0x1'[0m
[0;31mE (35984) light-app-callbacks: @@@@@ case clusterId == LevelControll::Id[0m
[0;31mE (35994) light-app-callbacks: @@@@@ START AppDeviceCallbacks::OnLevelControlAttributeChangeCallback[0m
[0;32mI (36004) light-app-callbacks: Unhandled Attribute ID: '0x1'[0m
[0;31mE (36004) light-app-callbacks: @@@@@ EXIT AppDeviceCallbacks::OnLevelControlAttributeChangeCallback[0m
[0;31mE (36024) light-app-callbacks: @@@@@ END AppDeviceCallbacks::PostAttributeChangeCallback[0m
[0;32mI (36034) light-app-callbacks: Current free heap: 140764
[0m
[0;32mI (36034) chip[EM]: <<< [E:35672i S:23768 M:20621819] (S) Msg TX to 1:427A872032D62D0C [4356] [UDP:[FE80::6A3A:48FF:FE2F:7A0D%st1]:42778] --- Type 0001:05 (IM:ReportData)[0m
[0;32mI (36054) chip[EM]: >>> [E:55184r S:23768 M:236962913] (S) Msg RX from 1:427A872032D62D0C [4356] --- Type 0001:08 (IM:InvokeCommandRequest)[0m
[0;32mI (36064) chip[EM]: <<< [E:55184r S:23768 M:20621820 (Ack:236962913)] (S) Msg TX to 1:427A872032D62D0C [4356] [UDP:[FE80::6A3A:48FF:FE2F:7A0D%st1]:42778] --- Type 0000:10 (SecureChannel:StandaloneAck)[0m
[0;32mI (36094) chip[EM]: >>> [E:55184r S:23768 M:236962914 (Ack:20621818)] (S) Msg RX from 1:427A872032D62D0C [4356] --- Type 0000:10 (SecureChannel:StandaloneAck)[0m
[0;32mI (36434) chip[EM]: Retransmitting MessageCounter:20621819 on exchange 35672i Send Cnt 1[0m
[0;32mI (36444) chip[EM]: >>> [E:35672i S:23768 M:236962915 (Ack:20621819)] (S) Msg RX from 1:427A872032D62D0C [4356] --- Type 0001:01 (IM:StatusResponse)[0m
[0;32mI (36444) chip[IM]: Received status response, status is 0x00[0m
[0;32mI (36464) chip[EM]: <<< [E:35672i S:23768 M:20621821 (Ack:236962915)] (S) Msg TX to 1:427A872032D62D0C [4356] [UDP:[FE80::6A3A:48FF:FE2F:7A0D%st1]:42778] --- Type 0000:10 (SecureChannel:StandaloneAck)[0m
[0;32mI (36484) chip[EM]: >>> [E:35672i S:23768 M:236962916 (Ack:20621819)] (S) Msg RX from 1:427A872032D62D0C [4356] --- Type 0000:10 (SecureChannel:StandaloneAck)[0m
[0;31mE (38684) chip[DIS]: Timeout waiting for mDNS resolution.[0m
